>> Building 'drumlogue' projects
>> Building /workspace/drumlogue/FMpercussion
Compiling header.c
Compiling unit.cc
In file included from header.c:7:0:
constants.h:23:19: fatal error: cstdint: No such file or directory
 #include <cstdint>
                   ^
compilation terminated.
make: *** [Makefile:330: build/obj/header.o] Error 1
make: *** Waiting for unfinished jobs....
In file included from kick_engine.h:16:0,
                 from fm_perc_synth.h:21,
                 from synth.h:16,
                 from unit.cc:13:
fm_voices.h: In function 'float32x4_t midi_to_freq_neon(uint32x4_t)':
fm_voices.h:70:17: warning: unused variable 'semitone_offset' [-Wunused-variable]
     float32x4_t semitone_offset = vsubq_f32(vcvtq_f32_u32(midi_notes), a4_midi);
                 ^~~~~~~~~~~~~~~
In file included from sine_neon.h:15:0,
                 from kick_engine.h:17,
                 from fm_perc_synth.h:21,
                 from synth.h:16,
                 from unit.cc:13:
float_math.h: In function 'float Q_rsqrt(float)':
float_math.h:1014:21: warning: dereferencing type-punned pointer will break strict-aliasing rules [-Wstrict-aliasing]
  i  = * ( long * ) &y;                       // evil floating point bit level hacking
                     ^
float_math.h:1016:22: warning: dereferencing type-punned pointer will break strict-aliasing rules [-Wstrict-aliasing]
  y  = * ( float * ) &i;
                      ^
In file included from fm_perc_synth.h:25:0,
                 from synth.h:16,
                 from unit.cc:13:
resonant_synthesis.h: In function 'void resonant_synth_set_mode(resonant_synth_t*, uint32x4_t, resonant_mode_t)':
resonant_synthesis.h:187:53: warning: unused parameter 'voice_mask' [-Wunused-parameter]
                                          uint32x4_t voice_mask,
                                                     ^~~~~~~~~~
In file included from fm_perc_synth.h:31:0,
                 from synth.h:16,
                 from unit.cc:13:
fm_presets.h: At global scope:
fm_presets.h:459:81: error: C99 designator 'name' outside aggregate initializer
         .engine_map = {ENGINE_KICK, ENGINE_SNARE, ENGINE_RESONANT, ENGINE_PERC}}};
                                                                                 ^
fm_presets.h:459:81: error: C99 designator 'name' outside aggregate initializer
fm_presets.h:459:81: error: C99 designator 'name' outside aggregate initializer
fm_presets.h:459:81: error: C99 designator 'name' outside aggregate initializer
fm_presets.h:459:81: error: C99 designator 'name' outside aggregate initializer
fm_presets.h:459:81: error: C99 designator 'name' outside aggregate initializer
fm_presets.h:459:81: sorry, unimplemented: non-trivial designated initializers not supported
fm_presets.h:459:81: sorry, unimplemented: non-trivial designated initializers not supported
fm_presets.h:459:81: sorry, unimplemented: non-trivial designated initializers not supported
fm_presets.h:459:81: sorry, unimplemented: non-trivial designated initializers not supported
fm_presets.h:459:81: sorry, unimplemented: non-trivial designated initializers not supported
fm_presets.h:459:81: sorry, unimplemented: non-trivial designated initializers not supported
fm_presets.h:459:81: sorry, unimplemented: non-trivial designated initializers not supported
fm_presets.h:459:81: sorry, unimplemented: non-trivial designated initializers not supported
fm_presets.h:459:81: sorry, unimplemented: non-trivial designated initializers not supported
fm_presets.h:459:81: sorry, unimplemented: non-trivial designated initializers not supported
fm_presets.h:459:81: sorry, unimplemented: non-trivial designated initializers not supported
fm_presets.h:459:81: sorry, unimplemented: non-trivial designated initializers not supported
fm_presets.h:459:81: sorry, unimplemented: non-trivial designated initializers not supported
fm_presets.h:459:81: sorry, unimplemented: non-trivial designated initializers not supported
fm_presets.h:459:81: sorry, unimplemented: non-trivial designated initializers not supported
fm_presets.h:459:81: sorry, unimplemented: non-trivial designated initializers not supported
fm_presets.h:459:81: sorry, unimplemented: non-trivial designated initializers not supported
fm_presets.h:459:81: sorry, unimplemented: non-trivial designated initializers not supported
fm_presets.h:459:81: sorry, unimplemented: non-trivial designated initializers not supported
fm_presets.h:459:81: sorry, unimplemented: non-trivial designated initializers not supported
fm_presets.h:459:81: sorry, unimplemented: non-trivial designated initializers not supported
fm_presets.h:459:81: sorry, unimplemented: non-trivial designated initializers not supported
fm_presets.h:459:81: sorry, unimplemented: non-trivial designated initializers not supported
fm_presets.h:459:81: sorry, unimplemented: non-trivial designated initializers not supported
In file included from synth.h:16:0,
                 from unit.cc:13:
fm_perc_synth.h: In function 'void apply_resonant_morph(resonant_synth_t*, float, uint8_t)':
fm_perc_synth.h:157:13: warning: unused variable 'width' [-Wunused-variable]
       float width = 0.1f + morph * 2.0f;  // Width multiplier
             ^~~~~
fm_perc_synth.h:166:13: warning: unused variable 'gain' [-Wunused-variable]
       float gain = 1.0f + morph * 3.0f;     // 1-4x gain
             ^~~~
make: *** [Makefile:321: build/obj/unit.o] Error 1
>> Installing /workspace/drumlogue/FMpercussion
make: Warning: File 'build/obj' has modification time 0.22 s in the future
Compiling header.c
In file included from header.c:7:0:
constants.h:23:19: fatal error: cstdint: No such file or directory
 #include <cstdint>
                   ^
compilation terminated.
make: *** [Makefile:330: build/obj/header.o] Error 1
>> Building /workspace/drumlogue/delay_tribal
Makefile:314: target 'build/obj/PercussionSpatializer.cpp' doesn't match the target pattern
Compiling
arm-unknown-linux-gnueabihf-g++: fatal error: no input files
compilation terminated.
make: *** [Makefile:320: build/obj/PercussionSpatializer.cpp] Error 1
>> Installing /workspace/drumlogue/delay_tribal
Makefile:314: target 'build/obj/PercussionSpatializer.cpp' doesn't match the target pattern
Compiling
arm-unknown-linux-gnueabihf-g++: fatal error: no input files
compilation terminated.
make: *** [Makefile:320: build/obj/PercussionSpatializer.cpp] Error 1
>> Building /workspace/drumlogue/dummy-delfx

Linking build/dummy_delay.drmlgunit
Stripping build/dummy_delay.drmlgunit
Creating build/dummy_delay.hex
Creating build/dummy_delay.bin
Creating build/dummy_delay.dmp
Creating build/dummy_delay.list


Done

   text	   data	    bss	    dec	    hex	filename
   3593	    344	 192032	 195969	  2fd81	build/dummy_delay.drmlgunit
chown: changing ownership of 'build/dummy_delay.bin': Operation not permitted
chown: changing ownership of 'build/dummy_delay.dmp': Operation not permitted
chown: changing ownership of 'build/dummy_delay.drmlgunit': Operation not permitted
chown: changing ownership of 'build/dummy_delay.hex': Operation not permitted
chown: changing ownership of 'build/dummy_delay.list': Operation not permitted
chown: changing ownership of 'build/dummy_delay.map': Operation not permitted
chown: changing ownership of 'build/lst/header.lst': Operation not permitted
chown: changing ownership of 'build/lst/unit.lst': Operation not permitted
chown: changing ownership of 'build/lst/_unit_base.lst': Operation not permitted
chown: changing ownership of 'build/lst': Operation not permitted
chown: changing ownership of 'build/obj/header.o': Operation not permitted
chown: changing ownership of 'build/obj/unit.o': Operation not permitted
chown: changing ownership of 'build/obj/_unit_base.o': Operation not permitted
chown: changing ownership of 'build/obj': Operation not permitted
chown: changing ownership of 'build': Operation not permitted
make: *** [Makefile:291: POST_MAKE_ALL_RULE_HOOK] Error 1
>> Installing /workspace/drumlogue/dummy-delfx
make: Warning: File 'build' has modification time 0.16 s in the future
Deploying to /workspace/drumlogue/dummy-delfx//dummy_delay.drmlgunit

Done

make: warning:  Clock skew detected.  Your build may be incomplete.
>> Building /workspace/drumlogue/dummy-masterfx

Linking build/dummy_master.drmlgunit
Stripping build/dummy_master.drmlgunit
Creating build/dummy_master.hex
Creating build/dummy_master.bin
Creating build/dummy_master.dmp
Creating build/dummy_master.list

   text	   data	    bss	    dec	    hex	filename
   3587	    344	     12	   3943	    f67	build/dummy_master.drmlgunit

Done

chown: changing ownership of 'build/dummy_master.bin': Operation not permitted
chown: changing ownership of 'build/dummy_master.dmp': Operation not permitted
chown: changing ownership of 'build/dummy_master.drmlgunit': Operation not permitted
chown: changing ownership of 'build/dummy_master.hex': Operation not permitted
chown: changing ownership of 'build/dummy_master.list': Operation not permitted
chown: changing ownership of 'build/dummy_master.map': Operation not permitted
chown: changing ownership of 'build/lst/header.lst': Operation not permitted
chown: changing ownership of 'build/lst/unit.lst': Operation not permitted
chown: changing ownership of 'build/lst/_unit_base.lst': Operation not permitted
chown: changing ownership of 'build/lst': Operation not permitted
chown: changing ownership of 'build/obj/header.o': Operation not permitted
chown: changing ownership of 'build/obj/unit.o': Operation not permitted
chown: changing ownership of 'build/obj/_unit_base.o': Operation not permitted
chown: changing ownership of 'build/obj': Operation not permitted
chown: changing ownership of 'build': Operation not permitted
make: *** [Makefile:291: POST_MAKE_ALL_RULE_HOOK] Error 1
>> Installing /workspace/drumlogue/dummy-masterfx
make: Warning: File 'build' has modification time 0.13 s in the future
Deploying to /workspace/drumlogue/dummy-masterfx//dummy_master.drmlgunit

Done

make: warning:  Clock skew detected.  Your build may be incomplete.
>> Building /workspace/drumlogue/dummy-revfx

Linking build/dummy_reverb.drmlgunit
Stripping build/dummy_reverb.drmlgunit
Creating build/dummy_reverb.hex
Creating build/dummy_reverb.bin
Creating build/dummy_reverb.dmp
Creating build/dummy_reverb.list


Done

   text	   data	    bss	    dec	    hex	filename
   3595	    344	 192032	 195971	  2fd83	build/dummy_reverb.drmlgunit
chown: changing ownership of 'build/dummy_reverb.bin': Operation not permitted
chown: changing ownership of 'build/dummy_reverb.dmp': Operation not permitted
chown: changing ownership of 'build/dummy_reverb.drmlgunit': Operation not permitted
chown: changing ownership of 'build/dummy_reverb.hex': Operation not permitted
chown: changing ownership of 'build/dummy_reverb.list': Operation not permitted
chown: changing ownership of 'build/dummy_reverb.map': Operation not permitted
chown: changing ownership of 'build/lst/header.lst': Operation not permitted
chown: changing ownership of 'build/lst/unit.lst': Operation not permitted
chown: changing ownership of 'build/lst/_unit_base.lst': Operation not permitted
chown: changing ownership of 'build/lst': Operation not permitted
chown: changing ownership of 'build/obj/header.o': Operation not permitted
chown: changing ownership of 'build/obj/unit.o': Operation not permitted
chown: changing ownership of 'build/obj/_unit_base.o': Operation not permitted
chown: changing ownership of 'build/obj': Operation not permitted
chown: changing ownership of 'build': Operation not permitted
make: *** [Makefile:291: POST_MAKE_ALL_RULE_HOOK] Error 1
>> Installing /workspace/drumlogue/dummy-revfx
make: Warning: File 'build' has modification time 0.1 s in the future
Deploying to /workspace/drumlogue/dummy-revfx//dummy_reverb.drmlgunit

Done

make: warning:  Clock skew detected.  Your build may be incomplete.
>> Building /workspace/drumlogue/dummy-synth

arm-unknown-linux-gnueabihf-g++   build/obj/header.o build/obj/_unit_base.o build/obj/unit.o -march=armv7-a -mtune=cortex-a7 -marm -Os -flto -mfloat-abi=hard -mfpu=neon-vfpv4 -mvectorize-with-neon-quad -ftree-vectorize -ftree-vectorizer-verbose=4 -funsafe-math-optimizations   -shared -Wl,-Map=build/dummy_synth.map,--cref  -lm -lc -o build/dummy_synth.drmlgunit
arm-unknown-linux-gnueabihf-strip build/dummy_synth.drmlgunit
arm-unknown-linux-gnueabihf-objcopy -O ihex build/dummy_synth.drmlgunit build/dummy_synth.hex
arm-unknown-linux-gnueabihf-objcopy -O binary build/dummy_synth.drmlgunit build/dummy_synth.bin
arm-unknown-linux-gnueabihf-objdump -x --syms build/dummy_synth.drmlgunit > build/dummy_synth.dmp
arm-unknown-linux-gnueabihf-objdump -S build/dummy_synth.drmlgunit > build/dummy_synth.list
arm-unknown-linux-gnueabihf-size build/dummy_synth.drmlgunit
   text	   data	    bss	    dec	    hex	filename
   3267	    316	      8	   3591	    e07	build/dummy_synth.drmlgunit
chown: changing ownership of 'build/dummy_synth.bin': Operation not permitted
chown: changing ownership of 'build/dummy_synth.dmp': Operation not permitted
chown: changing ownership of 'build/dummy_synth.drmlgunit': Operation not permitted
chown: changing ownership of 'build/dummy_synth.hex': Operation not permitted
chown: changing ownership of 'build/dummy_synth.list': Operation not permitted
chown: changing ownership of 'build/dummy_synth.map': Operation not permitted
chown: changing ownership of 'build/lst/header.lst': Operation not permitted
chown: changing ownership of 'build/lst/unit.lst': Operation not permitted
chown: changing ownership of 'build/lst/_unit_base.lst': Operation not permitted
chown: changing ownership of 'build/lst': Operation not permitted
chown: changing ownership of 'build/obj/header.o': Operation not permitted
chown: changing ownership of 'build/obj/unit.o': Operation not permitted
chown: changing ownership of 'build/obj/_unit_base.o': Operation not permitted
chown: changing ownership of 'build/obj': Operation not permitted
chown: changing ownership of 'build': Operation not permitted
make: *** [Makefile:291: POST_MAKE_ALL_RULE_HOOK] Error 1
>> Installing /workspace/drumlogue/dummy-synth
make: Warning: File 'build' has modification time 0.069 s in the future
Deploying to /workspace/drumlogue/dummy-synth//dummy_synth.drmlgunit

Done

make: warning:  Clock skew detected.  Your build may be incomplete.
>> Building /workspace/drumlogue/reverb_labirinto

Linking build/neon_labirinto_reverb.drmlgunit
In function 'vgetq_lane_f32',
    inlined from 'readDelayLines4' at NeonAdvancedLabirinto.h:586:44,
    inlined from 'process4Samples' at NeonAdvancedLabirinto.h:410:34:
/app/drumlogue/arm-unknown-linux-gnueabihf/lib/gcc/arm-unknown-linux-gnueabihf/6.5.0/include/arm_neon.h:5411:59: error: argument 2 must be a constant immediate
   return (float32_t)__builtin_neon_vget_lanev4sf (__a, __b);
                                                           ^
In function 'vsetq_lane_f32',
    inlined from 'readDelayLines4' at NeonAdvancedLabirinto.h:588:52,
    inlined from 'process4Samples' at NeonAdvancedLabirinto.h:410:34:
/app/drumlogue/arm-unknown-linux-gnueabihf/lib/gcc/arm-unknown-linux-gnueabihf/6.5.0/include/arm_neon.h:5567:86: error: argument 3 must be a constant immediate
   return (float32x4_t)__builtin_neon_vset_lanev4sf ((__builtin_neon_sf) __a, __b, __c);
                                                                                      ^
In function 'vgetq_lane_f32',
    inlined from 'readDelayLines4' at NeonAdvancedLabirinto.h:306:64,
    inlined from 'process4Samples' at NeonAdvancedLabirinto.h:410:34:
/app/drumlogue/arm-unknown-linux-gnueabihf/lib/gcc/arm-unknown-linux-gnueabihf/6.5.0/include/arm_neon.h:5411:59: error: argument 2 must be a constant immediate
   return (float32_t)__builtin_neon_vget_lanev4sf (__a, __b);
                                                           ^
In function 'vgetq_lane_f32',
    inlined from 'readDelayLines4' at NeonAdvancedLabirinto.h:310:64,
    inlined from 'process4Samples' at NeonAdvancedLabirinto.h:410:34:
/app/drumlogue/arm-unknown-linux-gnueabihf/lib/gcc/arm-unknown-linux-gnueabihf/6.5.0/include/arm_neon.h:5411:59: error: argument 2 must be a constant immediate
   return (float32_t)__builtin_neon_vget_lanev4sf (__a, __b);
                                                           ^
In function 'vsetq_lane_f32',
    inlined from 'readDelayLines4' at NeonAdvancedLabirinto.h:317:67,
    inlined from 'process4Samples' at NeonAdvancedLabirinto.h:410:34:
/app/drumlogue/arm-unknown-linux-gnueabihf/lib/gcc/arm-unknown-linux-gnueabihf/6.5.0/include/arm_neon.h:5567:86: error: argument 3 must be a constant immediate
   return (float32x4_t)__builtin_neon_vset_lanev4sf ((__builtin_neon_sf) __a, __b, __c);
                                                                                      ^
In function 'vgetq_lane_f32',
    inlined from 'writeDelayLines4' at NeonAdvancedLabirinto.h:385:60,
    inlined from 'process4Samples' at NeonAdvancedLabirinto.h:448:32:
/app/drumlogue/arm-unknown-linux-gnueabihf/lib/gcc/arm-unknown-linux-gnueabihf/6.5.0/include/arm_neon.h:5411:59: error: argument 2 must be a constant immediate
   return (float32_t)__builtin_neon_vget_lanev4sf (__a, __b);
                                                           ^
lto-wrapper: fatal error: arm-unknown-linux-gnueabihf-g++ returned 1 exit status
compilation terminated.
/app/drumlogue/arm-unknown-linux-gnueabihf/bin/../lib/gcc/arm-unknown-linux-gnueabihf/6.5.0/../../../../arm-unknown-linux-gnueabihf/bin/ld.bfd: error: lto-wrapper failed
collect2: error: ld returned 1 exit status
make: *** [Makefile:360: build/neon_labirinto_reverb.drmlgunit] Error 1
>> Installing /workspace/drumlogue/reverb_labirinto
make: Warning: File 'build' has modification time 0.1 s in the future

Linking build/neon_labirinto_reverb.drmlgunit
In function 'vgetq_lane_f32',
    inlined from 'readDelayLines4' at NeonAdvancedLabirinto.h:586:44,
    inlined from 'process4Samples' at NeonAdvancedLabirinto.h:410:34:
/app/drumlogue/arm-unknown-linux-gnueabihf/lib/gcc/arm-unknown-linux-gnueabihf/6.5.0/include/arm_neon.h:5411:59: error: argument 2 must be a constant immediate
   return (float32_t)__builtin_neon_vget_lanev4sf (__a, __b);
                                                           ^
In function 'vsetq_lane_f32',
    inlined from 'readDelayLines4' at NeonAdvancedLabirinto.h:588:52,
    inlined from 'process4Samples' at NeonAdvancedLabirinto.h:410:34:
/app/drumlogue/arm-unknown-linux-gnueabihf/lib/gcc/arm-unknown-linux-gnueabihf/6.5.0/include/arm_neon.h:5567:86: error: argument 3 must be a constant immediate
   return (float32x4_t)__builtin_neon_vset_lanev4sf ((__builtin_neon_sf) __a, __b, __c);
                                                                                      ^
In function 'vgetq_lane_f32',
    inlined from 'readDelayLines4' at NeonAdvancedLabirinto.h:306:64,
    inlined from 'process4Samples' at NeonAdvancedLabirinto.h:410:34:
/app/drumlogue/arm-unknown-linux-gnueabihf/lib/gcc/arm-unknown-linux-gnueabihf/6.5.0/include/arm_neon.h:5411:59: error: argument 2 must be a constant immediate
   return (float32_t)__builtin_neon_vget_lanev4sf (__a, __b);
                                                           ^
In function 'vgetq_lane_f32',
    inlined from 'readDelayLines4' at NeonAdvancedLabirinto.h:310:64,
    inlined from 'process4Samples' at NeonAdvancedLabirinto.h:410:34:
/app/drumlogue/arm-unknown-linux-gnueabihf/lib/gcc/arm-unknown-linux-gnueabihf/6.5.0/include/arm_neon.h:5411:59: error: argument 2 must be a constant immediate
   return (float32_t)__builtin_neon_vget_lanev4sf (__a, __b);
                                                           ^
In function 'vsetq_lane_f32',
    inlined from 'readDelayLines4' at NeonAdvancedLabirinto.h:317:67,
    inlined from 'process4Samples' at NeonAdvancedLabirinto.h:410:34:
/app/drumlogue/arm-unknown-linux-gnueabihf/lib/gcc/arm-unknown-linux-gnueabihf/6.5.0/include/arm_neon.h:5567:86: error: argument 3 must be a constant immediate
   return (float32x4_t)__builtin_neon_vset_lanev4sf ((__builtin_neon_sf) __a, __b, __c);
                                                                                      ^
In function 'vgetq_lane_f32',
    inlined from 'writeDelayLines4' at NeonAdvancedLabirinto.h:385:60,
    inlined from 'process4Samples' at NeonAdvancedLabirinto.h:448:32:
/app/drumlogue/arm-unknown-linux-gnueabihf/lib/gcc/arm-unknown-linux-gnueabihf/6.5.0/include/arm_neon.h:5411:59: error: argument 2 must be a constant immediate
   return (float32_t)__builtin_neon_vget_lanev4sf (__a, __b);
                                                           ^
lto-wrapper: fatal error: arm-unknown-linux-gnueabihf-g++ returned 1 exit status
compilation terminated.
/app/drumlogue/arm-unknown-linux-gnueabihf/bin/../lib/gcc/arm-unknown-linux-gnueabihf/6.5.0/../../../../arm-unknown-linux-gnueabihf/bin/ld.bfd: error: lto-wrapper failed
collect2: error: ld returned 1 exit status
make: *** [Makefile:360: build/neon_labirinto_reverb.drmlgunit] Error 1
>> Building /workspace/drumlogue/reverb_light

Linking build/light_fdn_reverb.drmlgunit
In function 'vgetq_lane_f32',
    inlined from 'process4Samples.constprop' at fdn_engine.h:345:54:
/app/drumlogue/arm-unknown-linux-gnueabihf/lib/gcc/arm-unknown-linux-gnueabihf/6.5.0/include/arm_neon.h:5411:59: error: argument 2 must be a constant immediate
   return (float32_t)__builtin_neon_vget_lanev4sf (__a, __b);
                                                           ^
In function 'vgetq_lane_f32',
    inlined from 'process4Samples.constprop' at fdn_engine.h:396:50:
/app/drumlogue/arm-unknown-linux-gnueabihf/lib/gcc/arm-unknown-linux-gnueabihf/6.5.0/include/arm_neon.h:5411:59: error: argument 2 must be a constant immediate
   return (float32_t)__builtin_neon_vget_lanev4sf (__a, __b);
                                                           ^
In function 'vgetq_lane_f32',
    inlined from 'process4Samples.constprop' at fdn_engine.h:397:50:
/app/drumlogue/arm-unknown-linux-gnueabihf/lib/gcc/arm-unknown-linux-gnueabihf/6.5.0/include/arm_neon.h:5411:59: error: argument 2 must be a constant immediate
   return (float32_t)__builtin_neon_vget_lanev4sf (__a, __b);
                                                           ^
lto-wrapper: fatal error: arm-unknown-linux-gnueabihf-g++ returned 1 exit status
compilation terminated.
/app/drumlogue/arm-unknown-linux-gnueabihf/bin/../lib/gcc/arm-unknown-linux-gnueabihf/6.5.0/../../../../arm-unknown-linux-gnueabihf/bin/ld.bfd: error: lto-wrapper failed
collect2: error: ld returned 1 exit status
make: *** [Makefile:360: build/light_fdn_reverb.drmlgunit] Error 1
>> Installing /workspace/drumlogue/reverb_light
make: Warning: File 'build' has modification time 0.075 s in the future

Linking build/light_fdn_reverb.drmlgunit
In function 'vgetq_lane_f32',
    inlined from 'process4Samples.constprop' at fdn_engine.h:345:54:
/app/drumlogue/arm-unknown-linux-gnueabihf/lib/gcc/arm-unknown-linux-gnueabihf/6.5.0/include/arm_neon.h:5411:59: error: argument 2 must be a constant immediate
   return (float32_t)__builtin_neon_vget_lanev4sf (__a, __b);
                                                           ^
In function 'vgetq_lane_f32',
    inlined from 'process4Samples.constprop' at fdn_engine.h:396:50:
/app/drumlogue/arm-unknown-linux-gnueabihf/lib/gcc/arm-unknown-linux-gnueabihf/6.5.0/include/arm_neon.h:5411:59: error: argument 2 must be a constant immediate
   return (float32_t)__builtin_neon_vget_lanev4sf (__a, __b);
                                                           ^
In function 'vgetq_lane_f32',
    inlined from 'process4Samples.constprop' at fdn_engine.h:397:50:
/app/drumlogue/arm-unknown-linux-gnueabihf/lib/gcc/arm-unknown-linux-gnueabihf/6.5.0/include/arm_neon.h:5411:59: error: argument 2 must be a constant immediate
   return (float32_t)__builtin_neon_vget_lanev4sf (__a, __b);
                                                           ^
lto-wrapper: fatal error: arm-unknown-linux-gnueabihf-g++ returned 1 exit status
compilation terminated.
/app/drumlogue/arm-unknown-linux-gnueabihf/bin/../lib/gcc/arm-unknown-linux-gnueabihf/6.5.0/../../../../arm-unknown-linux-gnueabihf/bin/ld.bfd: error: lto-wrapper failed
collect2: error: ld returned 1 exit status
make: *** [Makefile:360: build/light_fdn_reverb.drmlgunit] Error 1
>> Building /workspace/drumlogue/scruta_astri

Linking build/scruta_astri.drmlgunit
Stripping build/scruta_astri.drmlgunit
Creating build/scruta_astri.hex
Creating build/scruta_astri.bin
Creating build/scruta_astri.dmp
Creating build/scruta_astri.list


Done
   text	   data	    bss	    dec	    hex	filename
 251964	    648	      4	 252616	  3dac8	build/scruta_astri.drmlgunit

chown: changing ownership of 'build/fm_perc_synth.bin': Operation not permitted
chown: changing ownership of 'build/fm_perc_synth.dmp': Operation not permitted
chown: changing ownership of 'build/fm_perc_synth.hex': Operation not permitted
chown: changing ownership of 'build/fm_perc_synth.list': Operation not permitted
chown: changing ownership of 'build/fm_perc_synth.map': Operation not permitted
chown: changing ownership of 'build/lst/header.lst': Operation not permitted
chown: changing ownership of 'build/lst/unit.lst': Operation not permitted
chown: changing ownership of 'build/lst/_unit_base.lst': Operation not permitted
chown: changing ownership of 'build/lst': Operation not permitted
chown: changing ownership of 'build/obj/header.o': Operation not permitted
chown: changing ownership of 'build/obj/unit.o': Operation not permitted
chown: changing ownership of 'build/obj/_unit_base.o': Operation not permitted
chown: changing ownership of 'build/obj': Operation not permitted
chown: changing ownership of 'build/scruta_astri.bin': Operation not permitted
chown: changing ownership of 'build/scruta_astri.dmp': Operation not permitted
chown: changing ownership of 'build/scruta_astri.drmlgunit': Operation not permitted
chown: changing ownership of 'build/scruta_astri.hex': Operation not permitted
chown: changing ownership of 'build/scruta_astri.list': Operation not permitted
chown: changing ownership of 'build/scruta_astri.map': Operation not permitted
chown: changing ownership of 'build': Operation not permitted
make: *** [Makefile:292: POST_MAKE_ALL_RULE_HOOK] Error 1
>> Installing /workspace/drumlogue/scruta_astri
Deploying to /workspace/drumlogue/scruta_astri//scruta_astri.drmlgunit

Done

>> Resetting environment
